0 info it worked if it ends with ok
1 verbose cli [ 'C:\\Program Files\\nodejs\\node.exe',
1 verbose cli   'C:\\Program Files\\nodejs\\node_modules\\npm\\bin\\npm-cli.js',
1 verbose cli   'start' ]
2 info using npm@3.3.12
3 info using node@v5.5.0
4 verbose run-script [ 'prestart', 'start', 'poststart' ]
5 info lifecycle angular-seed@0.0.0~prestart: angular-seed@0.0.0
6 verbose lifecycle angular-seed@0.0.0~prestart: unsafe-perm in lifecycle true
7 verbose lifecycle angular-seed@0.0.0~prestart: PATH: C:\Program Files\nodejs\node_modules\npm\bin\node-gyp-bin;C:\wamp\www\Angular_2\templatestore\node_modules\.bin;C:\Users\mickey\bin;C:\Program Files\Git\mingw64\bin;C:\Program Files\Git\usr\local\bin;C:\Program Files\Git\usr\bin;C:\Program Files\Git\usr\bin;C:\Program Files\Git\mingw64\bin;C:\Program Files\Git\usr\bin;C:\Users\mickey\bin;C:\Program Files\Git\cmd;C:\Program Files\Git\mingw64\bin;C:\Program Files\Git\usr\bin;C:\Program Files\nodejs;C:\wamp\bin\php\php5.5.12;C:\ProgramData\ComposerSetup\bin;C:\Users\mickey\AppData\Roaming\npm;C:\Program Files\Git\usr\bin\vendor_perl;C:\Program Files\Git\usr\bin\core_perl
8 verbose lifecycle angular-seed@0.0.0~prestart: CWD: C:\wamp\www\Angular_2\templatestore
9 silly lifecycle angular-seed@0.0.0~prestart: Args: [ '/d /s /c', 'npm install' ]
10 info lifecycle angular-seed@0.0.0~prestart: Failed to exec prestart script
11 verbose stack Error: angular-seed@0.0.0 prestart: `npm install`
11 verbose stack spawn ;C:\Program Files\Git\bin\git.exe;C:\Program Files\Git\cmd ENOENT
11 verbose stack     at exports._errnoException (util.js:856:11)
11 verbose stack     at Process.ChildProcess._handle.onexit (internal/child_process.js:178:32)
11 verbose stack     at onErrorNT (internal/child_process.js:344:16)
11 verbose stack     at nextTickCallbackWith2Args (node.js:474:9)
11 verbose stack     at process._tickCallback (node.js:388:17)
12 verbose pkgid angular-seed@0.0.0
13 verbose cwd C:\wamp\www\Angular_2\templatestore
14 error Windows_NT 6.1.7601
15 error argv "C:\\Program Files\\nodejs\\node.exe" "C:\\Program Files\\nodejs\\node_modules\\npm\\bin\\npm-cli.js" "start"
16 error node v5.5.0
17 error npm  v3.3.12
18 error file ;C:\Program Files\Git\bin\git.exe;C:\Program Files\Git\cmd
19 error path ;C:\Program Files\Git\bin\git.exe;C:\Program Files\Git\cmd
20 error code ELIFECYCLE
21 error errno ENOENT
22 error syscall spawn ;C:\Program Files\Git\bin\git.exe;C:\Program Files\Git\cmd
23 error angular-seed@0.0.0 prestart: `npm install`
23 error spawn ;C:\Program Files\Git\bin\git.exe;C:\Program Files\Git\cmd ENOENT
24 error Failed at the angular-seed@0.0.0 prestart script 'npm install'.
24 error Make sure you have the latest version of node.js and npm installed.
24 error If you do, this is most likely a problem with the angular-seed package,
24 error not with npm itself.
24 error Tell the author that this fails on your system:
24 error     npm install
24 error You can get their info via:
24 error     npm owner ls angular-seed
24 error There is likely additional logging output above.
25 verbose exit [ 1, true ]
